+----------------------------------------------------+------------------------------+
|                     Exhibitor                      |            Booth             |
+----------------------------------------------------+------------------------------+
|                  CASCADE STUDIOS                   |         现场特别展示         |
|            南昌众瑟芬芸游戏科技有限公司            |           W5-IG097           |
|                   心智模型工作室                   |           W5-IG096           |
|            厦门蜜糖时光信息科技有限公司            |           W5-IG095           |
|                    厦门蜜糖时光                    |           W5-IG095           |
|          济南天桥区喵斯塔卜软件科技工作室          |           W5-IG094           |
|              杭州头号互娱科技有限公司              |           W5-IG093           |
|             北京漫游谷信息技术有限公司             |           W5-IG092           |
|                    Curve Games                     |           W5-IG091           |
|               南京早上好软件有限公司               |           W5-IG090           |
|                       腾浊流                       |           W5-IG089           |
|                    四十四工作室                    |           W5-IG088           |
|                     迷木工作室                     |           W5-IG087           |
|                成都乙钛科技有限公司                |           W5-IG086           |
|            红河游点好玩科技服务有限公司            |           W5-IG085           |
|                      安米翻译                      |           W5-IG084           |
|            声魂（深圳）文化科技有限公司            |           W5-IG083           |
|              上海唯偲科技信息有限公司              |           W5-IG082           |
|                       谦游坊                       |         W5-IG080/081         |
|             重庆乐构思科技有限责任公司             |           W5-IG079           |
|               重庆帕斯亚科技有限公司               |         W5-IG077/078         |
|             一罐盐（北京）科技有限公司             |         W5-IG074/075         |
|                     噬零工作室                     |           W5-IG073           |
|                   铃兰之径工作室                   |           W5-IG072           |
|                       赤原度                       |           W5-IG071           |
|            无锡九天云游网络科技有限公司            |         W5-IG070/076         |
|                    归零者工作室                    |           W5-IG069           |
|                     663 Games                      |           W5-IG068           |
|              上海锌仪信息科技有限公司              |           W5-IG067           |
|                北京黎羽科技有限公司                |       W5-IG062/063/064       |
|             上海仙仙兔网络科技有限公司             |           W5-IG061           |
|                    武汉羽风文化                    |           W5-IG060           |
|             重庆克鲁格网络技术有限公司             |           W5-IG059           |
|              南通星椽网络科技有限公司              |           W5-IG057           |
|                  Luna Orion工作室                  |           W5-IG056           |
|                    亚斯特尔动力                    |           W5-IG055           |
|                     无明工作室                     |     W5-IG053/054/065/066     |
|                       麻吉尔                       |         W5-IG051/052         |
|                     撞针工作室                     |           W5-IG050           |
|              宁波梦幻网络科技有限公司              |           W5-IG049           |
|              福州心跳互动娱乐有限公司              |           W5-IG048           |
|                    瓦洛现实技术                    |           W5-IG047           |
|                 杰仕登日本株式会社                 |           W5-IG046           |
|                      潮玩国度                      |       W5-IG044/045/058       |
|                     SLAB Games                     |           W5-IG043           |
|                      图元计划                      |           W5-IG042           |
|           保定市对白文化传媒有限责任公司           |           W5-IG041           |
|            天津神匠互娱科技发展有限公司            |           W5-IG040           |
|              南京鼎尊网络发展有限公司              |         W5-IG038/039         |
|                  Panitia GameDev                   |           W5-IG037           |
|                     7799 MUSIC                     |           W5-IG036           |
|              武汉岛叶网络科技有限公司              |           W5-IG035           |
|                      好游快爆                      |           W5-IG034           |
|                    亚马逊云科技                    |           W5-A257            |
|             深圳市掌上乐游科技有限公司             |           W5-IG031           |
|             上海方披萨软件科技有限公司             |           W5-IG030           |
|          长沙猫咕猫咕网络科技有限责任公司          |           W5-IG029           |
|                四百盒子科技有限公司                |           W5-IG028           |
|              北京酷代斯克科技有限公司              |         W5-IG026/027         |
|                     302工作室                      |           W5-IG024           |
|              上海芝樱网络科技有限公司              |           W5-IG023           |
|                     非也工作室                     |         W5-IG021/022         |
|                     弗雷姆倍特                     |           W5-IG020           |
|                     TapNation                      |           W5-IG019           |
|                      蒸气平台                      |           W5-IG018           |
|                      赤狼游戏                      |           W5-IG017           |
|                成都幻爵科技有限公司                |           W5-IG014           |
|                    Waka Studio                     |         W5-IG012/013         |
|              海南那棵科技有限责任公司              | W5-IG009/010/011/015/016/025 |
|                  浮光游戏有限公司                  |           W5-IG008           |
|                UnderSupernovaGroup                 |           W5-IG007           |
|                      零创游戏                      |           W5-IG006           |
|                      东品游戏                      |           W5-IG005           |
|                        Nuon                        |           W5-IG004           |
|             武汉游于艺⽹络科技有限公司             |           W5-IG003           |
|             徐州仙海游网络科技有限公司             |           W5-IG002           |
|                上海对影科技有限公司                |           W5-IG001           |
|                       LoopMe                       |           W5-A598            |
|                      Singular                      |           W5-A597            |
|              深圳百道数据服务有限公司              |           W5-A596            |
|              上海荟聚国际贸易有限公司              |           W5-A595            |
|                    SmartConnect                    |           W5-A593            |
|                南京网眼软件有限公司                |           W5-A591            |
|              深圳星创信息技术有限公司              |           W5-A588            |
|                   SIA Galaksion                    |           W5-A587            |
|                       伙伴云                       |           W5-A585            |
|                      Alterpay                      |           W5-A583            |
|            西安闪电逸动网络科技有限公司            |           W5-A581            |
|              Samsonads Marketing Inc               |           W5-A575            |
|                北京夏澄科技有限公司                |           W5-A573            |
|                      Coinads                       |           W5-A572            |
|                      ONERWAY                       |           W5-A571            |
|              北京疯狂引擎科技有限公司              |           W5-A565            |
|                       Meshy                        |           W5-A563            |
|          汇通国际支付服务有限公司（香港）          |           W5-A562            |
|              甜新科技（上海）有限公司              |           W5-A561            |
|         陵水数字文化产业云科技发展有限公司         |           W5-A505            |
|              北京顶当互动科技有限公司              |           W5-A503            |
|                      网易智企                      |           W5-A502            |
|                      360游戏                       |           W5-A501            |
|              北京安亿致用科技有限公司              |           W5-A399            |
|                富网科技股份有限公司                |           W5-A398            |
|     厦门玲央奈软件有限公司（日本游戏产业联合）     |           W5-A397            |
|               SKYBRIDGE PAYMENT INC                |           W5-A396            |
|                      虎视传媒                      |           W5-A395            |
|                上海云曾科技有限公司                |           W5-A393            |
|            剑译信息技术（上海）有限公司            |           W5-A392            |
|              北京金域互动科技有限公司              |           W5-A391            |
|                 GNA Company Corp.                  |           W5-A385            |
|             上海乐极特网络科技有限公司             |           W5-A383            |
|                      AppTweak                      |           W5-A382            |
|                      Lead id                       |           W5-A381            |
|            广州虚拟动力网络技术有限公司            |           W5-A378            |
|                      笑动科技                      |           W5-A377            |
|            天津大序初放网络科技有限公司            |           W5-A376            |
|                香港掌慧科技有限公司                |           W5-A375            |
|               北京星聚梨科技有限公司               |           W5-A373            |
|                        酷社                        |           W5-A371            |
|                       广大大                       |           W5-A367            |
|            成都潜在人工智能科技有限公司            |           W5-A366            |
|                      Chongda                       |           W5-A365            |
|             杭州趣比汇网络科技有限公司             |           W5-A363            |
|              上海锐线创意设计有限公司              |           W5-A362            |
|          南拳互娱（武汉）文化传媒有限公司          |           W5-A361            |
|                久游网 x 西安布洛得                 |           W5-A358            |
|             北京瑞思晴网络科技有限公司             |           W5-A357            |
|              嘉兴超维信息技术有限公司              |           W5-A356            |
|             深圳市光子跃动科技有限公司             |           W5-A355            |
|               香港商赢核数位有限公司               |           W5-A353            |
|             安睿杰（上海）翻译有限公司             |           W5-A352            |
|              深圳小步网络科技有限公司              |           W5-A351            |
|            Yandex Ads and Yandex Games             |           W5-A307            |
|                      美团游戏                      |           W5-A306            |
|                Checkout.com全球支付                |           W5-A305            |
|             Mobupps International.Ltd              |           W5-A304            |
|              北京元客视界科技有限公司              |           W5-A303            |
|                    design level                    |           W5-A302            |
|                      点点数据                      |           W5-A301            |
|             深圳洛克特视效科技有限公司             |           W5-A298            |
|                玩美数据科技有限公司                |           W5-A297            |
|               广州妙趣美广告有限公司               |           W5-A296            |
|                    Lesta Games                     |           W5-A295            |
|            广州黑沙互动娱乐科技有限公司            |           W5-A293            |
|              北京天本科贸有限责任公司              |           W5-A258            |
|                   青模社等身手办                   |           W5-A256            |
|             奥米嘉全球传媒股份有限公司             |           W5-A255            |
|                      思想科技                      |           W5-A254            |
|              杭州朝霞网络科技有限公司              |           W5-A253            |
|          深圳山成丰盈企业管理咨询有限公司          |           W5-A252            |
|            DigiRovers 网络科技有限公司             |           W5-A251            |
| Vietnam Interactive Television Joint Stock Company |           W5-A236            |
|              上海幻踌网络科技有限公司              |           W5-A235            |
|               ONEUNIVERSE Co., Ltd.                |           W5-A233            |
|             北京艾恩游科技有限责任公司             |           W5-A232            |
|                Affinity Global Inc                 |           W5-A226            |
|                    Sandbox Ads                     |           W5-A225            |
|            西安印加时代网络科技有限公司            |           W5-A223            |
|              杭州玄机科技股份有限公司              |           W5-A222            |
|                 艾雅思股份有限公司                 |           W5-A219            |
|                      立方体线                      |           W5-A218            |
|                      浮山设计                      |           W5-A217            |
|             海南超次元数码科技有限公司             |           W5-A216            |
|                  合同会社DMM.com                   |           W5-A213            |
|              东莞九茂文化科技有限公司              |           W5-A212            |
|                   小蓝和他的朋友                   |         W5-A211/215          |
|              VTC MOBILE SERVICES JSC               |           W5-A210            |
|             木棉花（上海）动漫有限公司             |           W5-A206            |
|                      指尖灵动                      |          W5-A205-5           |
|              北京火山引擎科技有限公司              |          W5-A205-3           |
|            杭州祈点信息技术有限责任公司            |          W5-A205-2           |
|                  株式会社G-angle                   |          W5-A205-1           |
|            北京聚智创想科技有限责任公司            |           W5-A205            |
|               360鲁大师控股有限公司                |           W5-A203            |
|            上海蚂蚁创将信息技术有限公司            |           W5-A202            |
|                    快手出海营销                    |           W5-A201            |
|           博特盈（上海）信息科技有限公司           |           W5-A193            |
|       庞塔谷拉菲克斯（上海）信息科技有限公司       |           W5-A192            |
|                      中电金信                      |           W5-A191            |
|             广州兄弟玩网络科技有限公司             |           W5-A186            |
|                  Digital Element                   |           W5-A185            |
|                唯智互动传媒有限公司                |           W5-A183            |
|           派安盈（广州）商务服务有限公司           |           W5-A182            |
|                     舜禹环球通                     |           W5-A181            |
|             四川语言桥信息技术有限公司             |           W5-A177            |
|              广州奇米信息科技有限公司              |           W5-A176            |
|           科赋锐（北京）信息科技有限公司           |           W5-A175            |
|                       Ichos                        |           W5-A174            |
|                   株式会社BESTUP                   |           W5-A173            |
|                  Brasil Game Show                  |           W5-A172            |
|                广州安锘科技有限公司                |           W5-A171            |
|                  Collectcent Ads                   |           W5-A109            |
|               深圳市颂量科技有限公司               |           W5-A108            |
|                北京度量科技有限公司                |           W5-A107            |
|                     Enjoy出海                      |           W5-A106            |
|                      七麦数据                      |           W5-A103            |
|                    Tamatem Inc                     |           W5-A102            |
|                   Adyen全球支付                    |          W5-A101-2           |
|     ADK Marketing Solutions Inc. CyberZ, Inc.      |          W5-A101-1           |
|              上海奕和文化传播有限公司              |           W4-B998            |
|           深圳市星标互动传媒科技有限公司           |           W4-B996            |
|                   合同会社EXNOA                    |           W4-B995            |
|                     Duit Apps                      |           W4-B993            |
|                 FairGuard游戏加固                  |           W4-B992            |
|                    中国光大银行                    |           E3-C127            |
|             石家庄友曼网络科技有限公司             |           W4-B989            |
|                       17173                        |           W4-B988            |
|          上海掌酷思广告&株式会社テレシー           |           W4-B987            |
|              上海之远文化传播有限公司              |           W4-B986            |
|              烟台赛思汇译翻译有限公司              |           W4-B985            |
|          摩比可可（深圳）网络科技有限公司          |           W4-B983            |
|            啪嗖（厦门）信息科技有限公司            |           W4-B982            |
|                  游集科技有限公司                  |           W4-B981            |
|                      北京IREP                      |           W4-B980            |
|       Native Monetize Media Private Limited        |           W4-B933            |
|             新加坡未来创想科技有限公司             |           W4-B932            |
|              深圳联翩网络科技有限公司              |           W4-B931            |
|                      连连国际                      |           W4-B930            |
|                      摩登天空                      |           W4-B928            |
|              杭州一知智能科技有限公司              |           W4-B927            |
|              北京创赢智上科技有限公司              |           W4-B926            |
|                      试玩互动                      |           W4-B923            |
|                   Web3游戏服务商                   |           W4-B922            |
|            Gadmobe Interactive Limited             |           W4-B911            |
|                福州天盟数码有限公司                |           W4-B910            |
|              深圳前海像样科技有限公司              |           W4-B908            |
|                希望移动科技有限公司                |           W4-B907            |
|                牛信网络科技有限公司                |           W4-B906            |
|               北京支付强科技有限公司               |           W4-B905            |
|                      钛动科技                      |           W4-B902            |
|                  创博游戏解决方案                  |           W4-B901            |
|                成都鬼脸科技有限公司                |           W4-B897            |
|             西安九卷柜网络科技有限公司             |           W4-B896            |
|              上海晨辉商务咨询有限公司              |           W4-B895            |
|             四川畅想创作者科技有限公司             |           W4-B893            |
|                   ClearPier.INC                    |           W4-B892            |
|              上海恒歌文化传播有限公司              |           W4-B891            |
|                      灵匠科技                      |           W4-B826            |
|            北京动卡动优文化传媒有限公司            |           W4-B825            |
|     网易有道信息技术（北京）有限公司广州分公司     |           W4-B823            |
|                      湃沃支付                      |           W4-B822            |
|                      Pixalate                      |           W4-B820            |
|             深圳市瑞驰信息技术有限公司             |           W4-B813            |
|                      三七互娱                      |           W4-B812            |
|                      Mistplay                      |           W4-B811            |
|                    Kochava Inc.                    |           W4-B810            |
|                    传音移动互联                    |           W4-B809            |
|                    TBG LIMITED                     |           W4-B808            |
|                       游研社                       |           W4-B807            |
|                      Flat Ads                      |           W4-B806            |
|                  Digital Turbine                   |           W4-B803            |
|                    Now.gg, Inc.                    |           W4-B802            |
|            云中万维（北京）科技有限公司            |           W4-B801            |
|                上海惊点广告有限公司                |           W4-B797            |
|         米粒在线(北京)企业管理服务有限公司         |           W4-B796            |
|              广州栗树信息科技有限公司              |           W4-B795            |
|                       OKSpin                       |           W4-B792            |
|                广州义彩印花有限公司                |           W4-B791            |
|                     Chartboost                     |           W4-B711            |
|                 Athenmobi Limited                  |           W4-B710            |
|              西安聚量汇川科技有限公司              |           W4-B709            |
|              深圳威尔视觉科技有限公司              |           W4-B708            |
|                   Appnext & RevX                   |           W4-B707            |
|                     AppGrowing                     |           W4-B706            |
|            凝视数科（北京）科技有限公司            |           W4-B705            |
|                  百度国际MediaGo                   |           W4-B703            |
|               北京万戈尔科技有限公司               |           W4-B702            |
|            电心软件科技（上海）有限公司            |           W4-B698            |
|              SHAREFUN NETWORK LIMITED              |           W4-B697            |
|                       埃吉尔                       |           W4-B696            |
|                    YinoLink易诺                    |           W4-B695            |
|          黑龙江省华厦亿达信息科技有限公司          |           W4-B693            |
|                广州旭科翻译有限公司                |           W4-B692            |
|              成都美洽网络科技有限公司              |           W4-B691            |
|                       Unity                        |           W4-B607            |
|              上海世全网络科技有限公司              |          W4-B606-2           |
|                      易点天下                      |          W4-B606-1           |
|           莫洛克（北京）信息技术有限公司           |           W4-B605            |
|              普速（北京）科技有限公司              |           W4-B603            |
|                       Adjust                       |           W4-B602            |
|              北京艾克索拉科技有限公司              |           W4-B601            |
|          昊通语言文化传播（北京）有限公司          |           W4-B598            |
|                瑞声科技控股有限公司                |           W4-B597            |
|                        诺顿                        |           W4-B596            |
|            Megaxus Infotech (Indonesia)            |           W4-B595            |
|                      蓝戟复兴                      |           W4-B593            |
|                 杭州迟光科技工作室                 |           W4-B592            |
|              上海创凌翻译服务有限公司              |           W4-B591            |
|               深圳市昆仲科技有限公司               |           W4-B587            |
|                     E 连接摩比                     |           W4-B586            |
|              北京乐盟互动科技有限公司              |           W4-B585            |
|             Silicon Studio Corporation             |           W4-B583            |
|           先人掌信息科技（上海）有限公司           |           W4-B582            |
|              济南铭函通信技术有限公司              |           W4-B581            |
|                飞天科技集团有限公司                |           W4-B508            |
|                       Adwin                        |           W4-B507            |
|                       UniPin                       |           W4-B506            |
|                     大饼AI变声                     |           W4-B505            |
|              数篷科技（深圳）有限公司              |          W4-B502-2           |
|                       ToBid                        |          W4-B502-1           |
|                      数数科技                      |           W4-B501            |
|                  申唐游戏翻译中心                  |           W4-B398            |
|              成都翰思翻译服务有限公司              |           W4-B397            |
|                   桔子游戏本地化                   |           W4-B396            |
|                   高文律师事务所                   |           W4-B395            |
|              苏州铼赛智能科技有限公司              |           W4-B393            |
|              广州西谷信息科技有限公司              |           W4-B392            |
|                    TOPYEE本地化                    |           W4-B391            |
|                      汇量科技                      |           W4-B305            |
|     Meetgames（飞书深诺游戏事业部旗下子品牌）      |           W4-B303            |
|                智冠科技股份有限公司                |           W4-B302            |
|                       TapTap                       |           W4-B301            |
|                    株式会社森泽                    |           W4-B298            |
|                       Forter                       |           W4-B296            |
|                      GOC pay                       |           W4-B295            |
|                   派付通有限公司                   |           W4-B293            |
|                       Nuvei                        |           W4-B291            |
|                        福禄                        |           W4-B287            |
|                    亿动广告传媒                    |           W4-B283            |
|              成都天火网络科技有限公司              |           W4-B282            |
|            深圳平行宇宙数字娱乐有限公司            |           W4-B281            |
|                      Appluck                       |           W4-B265            |
|            苏州谜匣数娱网络科技有限公司            |           W4-B262            |
|                杭州伏腊科技有限公司                |           W4-B261            |
|                       dLocal                       |           W4-B209            |
|                      应用雷达                      |           W4-B208            |
|              上海鹰角网络科技有限公司              |           W4-B207            |
|              广州至真信息科技有限公司              |           W4-B206            |
|                        Coda                        |           W4-B205            |
|                       Smaato                       |           W4-B203            |
|                       中手游                       |           W4-B202            |
|                咪咕互动娱乐有限公司                |           W4-B201            |
|             上海希艾维信息科技有限公司             |           W4-B198            |
|              上海丹努信息技术有限公司              |           E3-C143            |
|              深圳吉优网络科技有限公司              |           W4-B195            |
|                 BLEND Localization                 |           W4-B193            |
|            北京小旭音乐文化有限责任公司            |           W4-B191            |
|           黑龙江北方互娱网络科技有限公司           |           W4-B186            |
|                  Ton Play FZ-LLC                   |           W4-B185            |
|                      GV  Pay                       |           W4-B182            |
|              深圳易派支付科技有限公司              |           W4-B181            |
|                      Snap Inc                      |           W4-B105            |
|                      雷蛇支付                      |           W4-B103            |
|                      波克城市                      |           W4-B102            |
|              广州塔酷信息科技有限公司              |           W4-B101            |
|                    中国建设银行                    |            N5-08             |
|                      百度贴吧                      |            N5-07             |
|                        雷蛇                        |            N5-06             |
|             金华市博淳网络科技有限公司             |           N5-05-2            |
|                       西山居                       |            N5-02             |
|               第三届中国游戏创新大赛               |            N5-01             |
|                   崩坏：星穹铁道                   |            N4-09             |
|          上海邮通科技有限公司（世纪天成）          |            N4-08             |
|                      虎牙直播                      |            N4-07             |
|           万代南梦宫（上海）娱乐有限公司           |            N4-01             |
|                 广汽乘用车有限公司                 |            N4-05             |
|                      盛趣游戏                      |            N4-03             |
|              腾讯科技（深圳）有限公司              |            N4-02             |
|                        PICO                        |            N3-09             |
|                      所思科技                      |            N3-08             |
|                      24工作室                      |            N3-07             |
|            湖北盛天网络技术股份有限公司            |            N3-06             |
|                      诗悦网络                      |            N3-05             |
|              上海纵游网络技术有限公司              |            N3-03             |
|                      网易游戏                      |            N3-02             |
|                咪咕文化科技有限公司                |            N3-01             |
|              四三九九网络股份有限公司              |            N2-09             |
|              万达商业管理集团有限公司              |            N2-08             |
|              厦门纯游互动科技有限公司              |            N2-07             |
|            索尼互动娱乐（上海）有限公司            |            N2-06             |
|                      哔哩哔哩                      |            N2-05             |
|              完美世界游戏有限责任公司              |            N2-03             |
|                      巨人网络                      |            N2-02             |
|              TCL科技集团股份有限公司               |            N2-01             |
|            深圳市莱仕达电子科技有限公司            |           E6-S802            |
|            东莞市达尔优电子音频有限公司            |           E6-S801            |
|            北京多牛互动传媒股份有限公司            |           E6-S796            |
|                      多牛传媒                      |           E6-S795            |
|                      爱卡汽车                      |           E6-S793            |
|                       智选车                       |           E6-S792            |
|                上海承冀贸易有限公司                |           E6-S791            |
|              东莞市康腾特电子有限公司              |           E6-S708            |
|                      闪极科技                      |           E6-S707            |
|               惠州市正牌科电有限公司               |           E6-S703            |
|              北京爵维科技股份有限公司              |           E6-S702            |
|            广东省虎八兔文化传播有限公司            |           E6-S701            |
|                广东控银实业有限公司                |           E6-S698            |
|                       斯凯派                       |           E6-S697            |
|                    游戏丝绸之路                    |           E6-S696            |
|              深圳十米网络科技有限公司              |           E6-S695            |
|             深圳市神牛摄影器材有限公司             |           E6-S692            |
|                       酷音韵                       |           E6-S691            |
|              铠侠电子（中国）有限公司              |           E6-S609            |
|            莫凯尼克（上海）科技有限公司            |           E6-S608            |
|            东莞市金钟宝智能科技有限公司            |           E6-S607            |
|             杭州索酷微电子科技有限公司             |           E6-S606            |
|            一兆声学科技（深圳）有限公司            |           E6-S605            |
|              福州极客严选科技有限公司              |           E6-S602            |
|               东莞市凯华电子有限公司               |           E6-S601            |
|            北京锐腾海林文化发展有限公司            |           E6-S597            |
|             南京达斯琪数字科技有限公司             |           E6-S595            |
|               珠海市酷哟科技有限公司               |           E6-S592            |
|                        美团                        |           E3-C301            |
|              锐火（深圳）科技有新公司              |           E6-S582            |
|               深圳市战音科技有限公司               |           E6-S581            |
|                      外设天下                      |           E6-S508            |
|                       XPPen                        |           E6-S507            |
|                      望尘科技                      |           E6-S506            |
|                        环诺                        |           E6-S503            |
|                      科技视讯                      |           E6-S502            |
|            方天互娱（深圳）科技有限公司            |           E6-S397            |
|             常州安沃尔数码电子有限公司             |           E6-S395            |
|                        拜雅                        |         E6-S392/393          |
|                        撕歌                        |           E6-S391            |
|                 金士顿科技有限公司                 |           E6-S302            |
|                联想（北京）有限公司                |           E6-S301            |
|               中山市本润电器有限公司               |           E6-S298            |
|                上海捷涌科技有限公司                |           E6-S297            |
|              上海霓诺网络科技有限公司              |           E6-S295            |
|              深圳市光宇宙科技有限公司              |           E6-S293            |
|              北京掌印互动科技有限公司              |           E6-S292            |
|              三星（中国）投资有限公司              |            E4-08             |
|                     中关村在线                     |           E6-S101            |
|              苏州威林家居有限责任公司              |           E6-S198            |
|             常州爱尔威智能科技有限公司             |           E6-S195            |
|              深圳市八位堂科技有限公司              |           E6-S191            |
|                      热点科技                      |           E6-S002            |
|           超威半导体产品（中国）有限公司           |           E6-S001            |
|                      猎卡文化                      |           E5-TS907           |
|          上海零诀点动漫画制作文化有限公司          |           E5-TS906           |
|              欧玩（上海）贸易有限公司              |           E5-TS905           |
|                      神机工业                      |           E5-TS904           |
|               杭州卡沃王科技有限公司               |           E5-TS903           |
|            汕头市澄海区金钿玩具有限公司            |           E5-TS902           |
|              上海白洞文化艺术有限公司              |           E5-TS809           |
|              深圳市达米恩科技有限公司              |           E5-TS808           |
|            PlzDot工作室 & Fictus工作室             |           E5-TS807           |
|                      知象光电                      |           E5-TS806           |
|                     JBH盒乐屋                      |           E5-TS805           |
|             东莞市非玩玩具有限责任公司             |           E5-TS804           |
|              上海琦漫文化传播有限公司              |           E5-TS803           |
|         东莞俐噢玩具贸易有限公司上海分公司         |           E5-TS801           |
|                      机甲宇宙                      |           E5-TS716           |
|            深圳市次元界文化创意有限公司            |           E5-TS715           |
|               上海代思特设计有限公司               |           E5-TS714           |
|             东莞市微石文化科技有限公司             |           E5-TS713           |
|            舟山又见文化创意设计有限公司            |           E5-TS711           |
|              苏州潮杰信息科技有限公司              |           E5-TS710           |
|                      优鹰文化                      |           E5-TS709           |
|            大连博涛文化科技股份有限公司            |           E5-TS708           |
|                   鹿漫星辰工作室                   |           E5-TS707           |
|              北京美冠挚友科技有限公司              |           E5-TS706           |
|              上海琦旸文化传播有限公司              |           E5-TS705           |
|               广东瑞华行贸易有限公司               |           E5-TS704           |
|              上海哟天文化传播有限公司              |           E5-TS703           |
|                杭州宇树科技有限公司                |           E5-TS702           |
|              重庆密尔克维模型有限公司              |           E5-TS701           |
|                      Hitcard                       |          E5-TS606-2          |
|              上海识装信息科技有限公司              |          E5-TS606-1          |
|              青岛微匠创意有限责任公司              |           E5-TS605           |
|                杭州常胜贸易有限公司                |           E5-TS604           |
|              广东森宝文化实业有限公司              |           E5-TS603           |
|             广州市圣歌文化发展有限公司             |           E5-TS602           |
|                      天闻角川                      |           E5-TS601           |
|               深圳市马球贸易有限公司               |           E5-TS506           |
|                        模寿                        |           E5-TS505           |
|            誉腾文化传播（广州）有限公司            |          E5-TS504-2          |
|              上海煜曦电子商务有限公司              |          E5-TS504-1          |
|            上海亿贝网络信息服务有限公司            |           E5-TS503           |
|            安尼普(上海)文化艺术有限公司            |           E5-TS502           |
|              上海良笑阿特商贸有限公司              |           E5-TS501           |
|               汕头市藏道文化有限公司               |           E5-TS406           |
|                     光年工作室                     |           E5-TS405           |
|               武汉市琦创科技有限公司               |           E5-TS404           |
|              深圳未及文化创意有限公司              |          E5-TS403-2          |
|           深圳市天工醒物动漫科技有限公司           |          E5-TS403-1          |
|              杭州迷萌文化创意有限公司              |           E5-TS402           |
|              重庆卡藏文化艺术有限公司              |          E5-TS401-2          |
|                      阅文好物                      |          E5-TS401-1          |
|           福州市漫猫生活文化传播有限公司           |           E5-TS307           |
|            广州市大漫匠文化创意有限公司            |           E5-TS306           |
|              上海超旺信息科技有限公司              |           E5-TS305           |
|              南京保粹文化服务有限公司              |           E5-TS304           |
|                        若来                        |          E5-TS303-2          |
|                    超级元气工厂                    |          E5-TS303-1          |
|                上海润忆贸易有限公司                |           E5-TS302           |
|                上海漫魂贸易有限公司                |           E5-TS301           |
|              广州泛乐文化创意有限公司              |           E5-TS215           |
|                   美团、美团外卖                   |           E5-TS214           |
|            上海鑫怡合睿网络科技有限公司            |           E5-TS213           |
|              杭州无虞文化传媒有限公司              |           E5-TS212           |
|              上海黎怡信息科技有限公司              |           E5-TS211           |
|                上海吾流文化有限公司                |           E5-TS210           |
|           东莞市顺林模型礼品股份有限公司           |          E5-TS204-2          |
|                       INART                        |          E5-TS204-1          |
|                      Hot Toys                      |           E5-TS203           |
|              东莞东秀文化传播有限公司              |           E5-TS202           |
|              上海暴蒙文化传播有限公司              |           E5-TS201           |
|                      入魂一番                      |           E5-TS104           |
|                      塑唐玩具                      |          E5-TS103-2          |
|                     MegaHouse                      |          E5-TS103-1          |
|             深圳市寻麟文化娱乐有限公司             |           E5-TS102           |
|              广东启梦玩具实业有限公司              |           E5-TS101           |
|                    ROG玩家国度                     |            E4-13             |
|              武汉星纪魅族科技有限公司              |            E4-12             |
|             RealMe重庆移动通信有限公司             |            E4-11             |
|            中国联合网络通信集团有限公司            |            E4-10             |
|                维沃移动通信有限公司                |            E4-09             |
|                 努比亚技术有限公司                 |            E4-07             |
|             深圳市万普拉斯科技有限公司             |            E4-06             |
|                  荣耀终端有限公司                  |            E4-05             |
|                小米通讯技术有限公司                |            E4-03             |
|                        高通                        |            E4-01             |
|                      东华大学                      |           E3-CA310           |
|                      次元Max                       |           E3-CA309           |
|             JAGAT TECHNOLOGY PTE. LTD.             |           E3-CA308           |
|             沃德事饮料（上海）有限公司             |           E3-CA306           |
|            上海恒星引力影视传媒有限公司            |           E3-CA301           |
|              上海豪狮网络科技有限公司              |         E3-CA297/298         |
|                    亚塔RAS学社                     |           E3-CA295           |
|                      路画影视                      |           E3-CA293           |
|            天津市桃木剑文化传媒有限公司            |           E3-CA292           |
|              上海零作文化创意有限公司              |           E3-CA291           |
|                上海幻身科技有限公司                |           E3-CA208           |
|                池州尚悦科技有限公司                |           E3-CA207           |
|                        PSA                         |           E3-CA206           |
|        完美世界电竞（DOTA2/CS:GO）周边商城         |           E3-CA205           |
|              北京龙图智库科技有限公司              |           E3-CA203           |
|              中信出版集团股份有限公司              |           E3-CA202           |
|                      原物三生                      |           E3-CA197           |
|            北京汪啊虎虎创意文化有限公司            |           E3-CA196           |
|                     新星出版社                     |           E3-CA195           |
|                北京红阅科技有限公司                |           E3-CA193           |
|                      中信银行                      |           E3-CA191           |
|                上海博炬实业有限公司                |           E3-CA182           |
|                  挪灯人游戏工作室                  |           E3-CA181           |
|            杭州玺匠文化创意股份有限公司            |           E3-CA109           |
|                     唯卓仕影像                     |           E3-CA107           |
|                       益世界                       |           E3-CA103           |
|                上海屏云科技有限公司                |           E3-CA102           |
|              上海天澍品牌管理有限公司              |           E3-CA101           |
|               深圳市韶音科技有限公司               |           E3-C205            |
|                   阿里大文娱集团                   |           E3-C202            |
|                        盒马                        |           E3-C201            |
|              上海超纲文化传播有限公司              |           E3-C167            |
|                 WIS WORLDWIDE LTD.                 |           E3-C161            |
|             上海门之钥文化科技有限公司             |           E3-C152            |
|            上海杰克船长文化传播有限公司            |           E3-C151            |
|                    轻渡-拂曦 XR                    |           E3-C150            |
|             深圳市汤姆拓客科技有限公司             |           E3-C147            |
|                      中影年年                      |           E3-C145            |
|                        元镜                        |           E3-C144            |
|              三亚深圈网络技术有限公司              |           E3-C142            |
|             北京宫之道文化发展有限公司             |           E3-C141            |
|            北京京西文化旅游股份有限公司            |           E3-C140            |
|              尚饮（上海）实业有限公司              |           E3-C138            |
|                        贴米                        |           E3-C137            |
|                      巧国源记                      |           E3-C136            |
|                      CASETiFY                      |           E3-C132            |
|              深圳华潮创意科技有限公司              |           E3-C131            |
|               北京海百川科技有限公司               |           E3-C130            |
|    摇晃，搅拌，种田做菜，《酒与仿生人》即将登场    |           E3-C129            |
|           上海康特特兰斯医疗科技有限公司           |           E3-C128            |
|                      招商银行                      |           E3-C008            |
|               上海任意门科技有限公司               |           E3-C007            |
|                      京东户外                      |           E3-C003            |
|                 《SuperELLE欣漾》                  |           E3-C001            |
+----------------------------------------------------+------------------------------+
